<?xml version="1.0" encoding="UTF-8"?>
<testng-results ignored="1" total="6" passed="5" failed="0" skipped="0">
  <reporter-output>
  </reporter-output>
  <suite started-at="2022-06-17T23:25:49 IST" name="Suite" finished-at="2022-06-17T23:27:10 IST" duration-ms="81675">
    <groups>
    </groups>
    <test started-at="2022-06-17T23:25:49 IST" name="Test" finished-at="2022-06-17T23:27:10 IST" duration-ms="81675">
      <class name="SignUp">
        <test-method is-config="true" signature="SignUp()[pri:0, instance:SignUp@1d119efb]" started-at="2022-06-17T23:25:49 IST" name="SignUp" finished-at="2022-06-17T23:26:03 IST" duration-ms="14049" status="PASS">
          <reporter-output>
          </reporter-output>
        </test-method> <!-- SignUp -->
      </class> <!-- SignUp -->
      <class name="MobileOrder">
        <test-method is-config="true" signature="mobileOrder()[pri:0, instance:MobileOrder@470f1802]" started-at="2022-06-17T23:26:59 IST" name="mobileOrder" finished-at="2022-06-17T23:27:10 IST" duration-ms="11216" status="PASS">
          <reporter-output>
          </reporter-output>
        </test-method> <!-- mobileOrder -->
      </class> <!-- MobileOrder -->
      <class name="Login">
        <test-method signature="login(java.lang.String,java.lang.String)[pri:0, instance:Login@3e2e18f2]" started-at="2022-06-17T23:26:03 IST" name="login" data-provider="getData" finished-at="2022-06-17T23:26:14 IST" duration-ms="11300" status="PASS">
          <params>
            <param index="0">
              <value>
                <![CDATA[harinaprasad22@gmail.com ]]>
              </value>
            </param>
            <param index="1">
              <value>
                <![CDATA[xxxxx]]>
              </value>
            </param>
          </params>
          <reporter-output>
          </reporter-output>
        </test-method> <!-- login -->
        <test-method signature="login(java.lang.String,java.lang.String)[pri:0, instance:Login@3e2e18f2]" started-at="2022-06-17T23:26:14 IST" name="login" data-provider="getData" finished-at="2022-06-17T23:26:25 IST" duration-ms="11325" status="PASS">
          <params>
            <param index="0">
              <value>
                <![CDATA[harinashreeeprasad43@gmail.com ]]>
              </value>
            </param>
            <param index="1">
              <value>
                <![CDATA[yyyyyyyyy]]>
              </value>
            </param>
          </params>
          <reporter-output>
          </reporter-output>
        </test-method> <!-- login -->
        <test-method signature="login(java.lang.String,java.lang.String)[pri:0, instance:Login@3e2e18f2]" started-at="2022-06-17T23:26:25 IST" name="login" data-provider="getData" finished-at="2022-06-17T23:26:37 IST" duration-ms="11116" status="PASS">
          <params>
            <param index="0">
              <value>
                <![CDATA[harinashree@gmail.com ]]>
              </value>
            </param>
            <param index="1">
              <value>
                <![CDATA[xxxxx]]>
              </value>
            </param>
          </params>
          <reporter-output>
          </reporter-output>
        </test-method> <!-- login -->
        <test-method signature="login(java.lang.String,java.lang.String)[pri:0, instance:Login@3e2e18f2]" started-at="2022-06-17T23:26:37 IST" name="login" data-provider="getData" finished-at="2022-06-17T23:26:48 IST" duration-ms="11679" status="PASS">
          <params>
            <param index="0">
              <value>
                <![CDATA[harinashreeprasad22@gmail.com ]]>
              </value>
            </param>
            <param index="1">
              <value>
                <![CDATA[yyyyyyyy]]>
              </value>
            </param>
          </params>
          <reporter-output>
          </reporter-output>
        </test-method> <!-- login -->
        <test-method signature="login(java.lang.String,java.lang.String)[pri:0, instance:Login@3e2e18f2]" started-at="2022-06-17T23:26:48 IST" name="login" data-provider="getData" finished-at="2022-06-17T23:26:59 IST" duration-ms="10933" status="PASS">
          <params>
            <param index="0">
              <value>
                <![CDATA[harinashree123@gmail.com ]]>
              </value>
            </param>
            <param index="1">
              <value>
                <![CDATA[edfghj]]>
              </value>
            </param>
          </params>
          <reporter-output>
          </reporter-output>
        </test-method> <!-- login -->
      </class> <!-- Login -->
    </test> <!-- Test -->
  </suite> <!-- Suite -->
</testng-results>
