<?xml version="1.0" encoding="UTF-8"?>
<!-- Generated by org.testng.reporters.JUnitXMLReporter -->
<testsuite ignored="1" hostname="QT-INBG-LT0251" failures="0" tests="5" name="Test" time="81.675" errors="0" timestamp="2022-06-17T23:27:10 IST">
  <testcase classname="Login" name="login" time="11.3"/>
  <testcase classname="Login" name="login" time="11.325"/>
  <testcase classname="Login" name="login" time="11.116"/>
  <testcase classname="Login" name="login" time="11.679"/>
  <testcase classname="Login" name="login" time="10.933"/>
  <testcase classname="SignUp" name="@BeforeTest SignUp" time="0.0">
    <ignored/>
  </testcase> <!-- @BeforeTest SignUp -->
</testsuite> <!-- Test -->
